#
# A fatal error has been detected by the Java Runtime Environment:
#
#  EXCEPTION_ACCESS_VIOLATION (0xc0000005) at pc=0x0000000059e25ac4, pid=12868, tid=0x0000000000003a38
#
# JRE version: OpenJDK Runtime Environment (8.0_242-b01) (build 1.8.0_242-release-1644-b01)
# Java VM: OpenJDK 64-Bit Server VM (25.242-b01 mixed mode windows-amd64 compressed oops)
# Problematic frame:
# V  [jvm.dll+0x75ac4]
#
# Failed to write core dump. Minidumps are not enabled by default on client versions of Windows
#
# If you would like to submit a bug report, please visit:
#   
#

---------------  T H R E A D  ---------------

Current thread (0x0000000017e79800):  JavaThread "C1 CompilerThread2" daemon [_thread_in_vm, id=14904, stack(0x00000000196b0000,0x00000000197b0000)]

siginfo: ExceptionCode=0xc0000005, reading address 0xffffffffffffffff

Registers:
RAX=0x75ecae9ee16f1ae3, RBX=0x0000000006046250, RCX=0x0000000006046250, RDX=0x000000005a370bc8
RSP=0x00000000197af250, RBP=0x0000000004bd52d0, RSI=0x0000000004bd54df, RDI=0x00000000060463a0
R8 =0x0000000003240000, R9 =0x0000000000000006, R10=0x0000000004bd53f0, R11=0x0000000004bd5480
R12=0x0000000017e251b0, R13=0x0000000017e79fb0, R14=0x0000000017e79ff0, R15=0x0000000017e7a398
RIP=0x0000000059e25ac4, EFLAGS=0x0000000000010246

Top of Stack: (sp=0x00000000197af250)
0x00000000197af250:   0000000004bd5480 0000000004bd52d0
0x00000000197af260:   0000000004bd52d0 0000000000000000
0x00000000197af270:   0000000000000000 0000000004bd53f4
0x00000000197af280:   0000000004bd5460 0000000004bd52d0
0x00000000197af290:   0000000004bd54df 0000000000000060
0x00000000197af2a0:   0000000004bd5092 0000000000010000
0x00000000197af2b0:   0000000004bd5460 0000000004bd5460
0x00000000197af2c0:   0000000004bd5660 0000000004bd5460
0x00000000197af2d0:   0000000004bd5660 0000000004bd5748
0x00000000197af2e0:   000000005a36f7a8 00000000197af270
0x00000000197af2f0:   0000000004bd224d 0000000059e1c392
0x00000000197af300:   00000000030d1f50 0000000059fa3665
0x00000000197af310:   0000000017e79800 000000000000042d
0x00000000197af320:   0000000000000165 0000000000000166
0x00000000197af330:   0000000000000000 0000000059fc69b0
0x00000000197af340:   00000000000003d8 00000000030d1f50 

Instructions: (pc=0x0000000059e25ac4)
0x0000000059e25aa4:   48 8b 10 48 8b c8 ff 52 08 84 c0 0f 84 ac 00 00
0x0000000059e25ab4:   00 0f b6 83 dc 00 00 00 84 c0 75 11 48 8b 43 40
0x0000000059e25ac4:   48 8b 40 48 48 3b c3 0f 84 90 00 00 00 48 8b ce
0x0000000059e25ad4:   e8 b7 7a ff ff 33 ff e9 ca fe ff ff 33 d2 8d 4a 


Register to memory mapping:

RAX=0x75ecae9ee16f1ae3 is an unknown value
RBX=0x0000000006046250 is at entry_point+-336 in (nmethod*)0x0000000006046250

[error occurred during error reporting (printing register info), id 0xc0000005]

Stack: [0x00000000196b0000,0x00000000197b0000],  sp=0x00000000197af250,  free space=1020k
Native frames: (J=compiled Java code, j=interpreted, Vv=VM code, C=native code)
V  [jvm.dll+0x75ac4]
V  [jvm.dll+0x2169b0]
V  [jvm.dll+0x216d5f]
V  [jvm.dll+0x21705c]
V  [jvm.dll+0x82837]
V  [jvm.dll+0x82b20]
V  [jvm.dll+0x220b7f]
V  [jvm.dll+0x27276a]
C  [msvcr100.dll+0x21d9f]
C  [msvcr100.dll+0x21e3b]
C  [KERNEL32.DLL+0x17c24]
C  [ntdll.dll+0x6d4d1]


---------------  P R O C E S S  ---------------

Java Threads: ( => current thread )
  0x0000000024764000 JavaThread "Cache worker for cache directory md-rule (C:\Users\farras\.gradle\caches\6.1.1\md-rule)" [_thread_blocked, id=14548, stack(0x000000001f110000,0x000000001f210000)]
  0x0000000024761000 JavaThread "Cache worker for cache directory md-supplier (C:\Users\farras\.gradle\caches\6.1.1\md-supplier)" [_thread_blocked, id=10316, stack(0x000000001ee10000,0x000000001ef10000)]
  0x0000000024762800 JavaThread "Cache worker for file hash cache (D:\04. ANDROID FITUR\SDITsattendance\.gradle\6.1.1\fileHashes)" [_thread_blocked, id=16316, stack(0x000000001dc20000,0x000000001dd20000)]
  0x000000002475f800 JavaThread "Cache worker for checksums cache (D:\04. ANDROID FITUR\SDITsattendance\.gradle\checksums)" [_thread_blocked, id=12724, stack(0x000000001d720000,0x000000001d820000)]
  0x0000000024763800 JavaThread "Thread-61" [_thread_blocked, id=11388, stack(0x000000001d420000,0x000000001d520000)]
  0x0000000024762000 JavaThread "Stdin handler" [_thread_blocked, id=4412, stack(0x000000001d320000,0x000000001d420000)]
  0x0000000024765800 JavaThread "Asynchronous log dispatcher for DefaultDaemonConnection: socket connection from /127.0.0.1:56545 to /127.0.0.1:60526" [_thread_blocked, id=10976, stack(0x000000001d020000,0x000000001d120000)]
  0x0000000024756800 JavaThread "Daemon worker Thread 3" [_thread_blocked, id=15252, stack(0x000000001ce20000,0x000000001cf20000)]
  0x000000002475c800 JavaThread "Cancel handler" [_thread_blocked, id=13484, stack(0x00000000016e0000,0x00000000017e0000)]
  0x000000002475a800 JavaThread "Handler for socket connection from /127.0.0.1:56545 to /127.0.0.1:60526" [_thread_in_native, id=2056, stack(0x00000000015e0000,0x00000000016e0000)]
  0x0000000024759800 JavaThread "Daemon Thread 3" [_thread_blocked, id=9384, stack(0x00000000014e0000,0x00000000015e0000)]
  0x000000002475f000 JavaThread "RMI Reaper" [_thread_blocked, id=16060, stack(0x000000002a8a0000,0x000000002a9a0000)]
  0x0000000024758000 JavaThread "RMI TCP Accept-0" daemon [_thread_in_native, id=6892, stack(0x000000002a7a0000,0x000000002a8a0000)]
  0x0000000024757800 JavaThread "GC Daemon" daemon [_thread_blocked, id=5976, stack(0x000000002a6a0000,0x000000002a7a0000)]
  0x000000002475e000 JavaThread "RMI Scheduler(0)" daemon [_thread_blocked, id=12620, stack(0x0000000024210000,0x0000000024310000)]
  0x000000001f783800 JavaThread "Cache worker for file content cache (C:\Users\farras\.gradle\caches\6.1.1\fileContent)" [_thread_blocked, id=11404, stack(0x00000000256c0000,0x00000000257c0000)]
  0x000000001f786000 JavaThread "Memory manager" [_thread_blocked, id=16080, stack(0x0000000021d40000,0x0000000021e40000)]
  0x000000001bc70000 JavaThread "Cache worker for execution history cache (C:\Users\farras\.gradle\caches\6.1.1\executionHistory)" [_thread_blocked, id=2652, stack(0x0000000020830000,0x0000000020930000)]
  0x000000001bc6d000 JavaThread "Cache worker for file hash cache (C:\Users\farras\.gradle\caches\6.1.1\fileHashes)" [_thread_blocked, id=4680, stack(0x000000001dd40000,0x000000001de40000)]
  0x000000001bc70800 JavaThread "File lock request listener" [_thread_in_native, id=7800, stack(0x000000001db20000,0x000000001dc20000)]
  0x000000001bc6f000 JavaThread "Cache worker for journal cache (C:\Users\farras\.gradle\caches\journal-1)" [_thread_blocked, id=15452, stack(0x000000001da20000,0x000000001db20000)]
  0x000000001bbfa800 JavaThread "Daemon periodic checks" [_thread_blocked, id=14788, stack(0x000000001cf20000,0x000000001d020000)]
  0x000000001bb4e800 JavaThread "Incoming local TCP Connector on port 56545" [_thread_in_native, id=11072, stack(0x0000000019eb0000,0x0000000019fb0000)]
  0x000000001ba65000 JavaThread "Daemon health stats" [_thread_blocked, id=2248, stack(0x0000000019db0000,0x0000000019eb0000)]
  0x00000000197e0800 JavaThread "Service Thread" daemon [_thread_blocked, id=12864, stack(0x0000000019bb0000,0x0000000019cb0000)]
=>0x0000000017e79800 JavaThread "C1 CompilerThread2" daemon [_thread_in_vm, id=14904, stack(0x00000000196b0000,0x00000000197b0000)]
  0x0000000017e6a000 JavaThread "C2 CompilerThread1" daemon [_thread_blocked, id=11800, stack(0x00000000195b0000,0x00000000196b0000)]
  0x0000000017e65000 JavaThread "C2 CompilerThread0" daemon [_thread_blocked, id=14568, stack(0x00000000194b0000,0x00000000195b0000)]
  0x0000000017e62800 JavaThread "Attach Listener" daemon [_thread_blocked, id=9752, stack(0x00000000193b0000,0x00000000194b0000)]
  0x0000000017e61000 JavaThread "Signal Dispatcher" daemon [_thread_blocked, id=15956, stack(0x00000000192b0000,0x00000000193b0000)]
  0x00000000031cb000 JavaThread "Finalizer" daemon [_thread_blocked, id=16240, stack(0x00000000190b0000,0x00000000191b0000)]
  0x0000000017e49000 JavaThread "Reference Handler" daemon [_thread_blocked, id=10772, stack(0x0000000018fb0000,0x00000000190b0000)]
  0x000000000323e800 JavaThread "main" [_thread_blocked, id=8684, stack(0x0000000001820000,0x0000000001920000)]

Other Threads:
  0x0000000017e26000 VMThread [stack: 0x0000000018eb0000,0x0000000018fb0000] [id=8564]
  0x0000000017ebc800 WatcherThread [stack: 0x0000000019cb0000,0x0000000019db0000] [id=10364]

VM state:not at safepoint (normal execution)

VM Mutex/Monitor currently owned by a thread:  ([mutex/lock_event])
[0x00000000030d1f50] CompiledIC_lock - owner thread: 0x0000000017e79800

heap address: 0x0000000080000000, size: 2048 MB, Compressed Oops mode: 32-bit
Narrow klass base: 0x0000000000000000, Narrow klass shift: 3
Compressed class space size: 1073741824 Address: 0x0000000100000000

Heap:
 PSYoungGen      total 608256K, used 216061K [0x00000000d5580000, 0x0000000100000000, 0x0000000100000000)
  eden space 564736K, 30% used [0x00000000d5580000,0x00000000dfe05048,0x00000000f7d00000)
  from space 43520K, 99% used [0x00000000fd280000,0x00000000ffcfa4e8,0x00000000ffd00000)
  to   space 67072K, 0% used [0x00000000f7d00000,0x00000000f7d00000,0x00000000fbe80000)
 ParOldGen       total 255488K, used 176894K [0x0000000080000000, 0x000000008f980000, 0x00000000d5580000)
  object space 255488K, 69% used [0x0000000080000000,0x000000008acbf8e8,0x000000008f980000)
 Metaspace       used 104405K, capacity 109932K, committed 109952K, reserved 1144832K
  class space    used 13614K, capacity 14704K, committed 14720K, reserved 1048576K

Card table byte_map: [0x0000000012600000,0x0000000012a10000] byte_map_base: 0x0000000012200000

Marking Bits: (ParMarkBitMap*) 0x000000005a57f030
 Begin Bits: [0x00000000130c0000, 0x00000000150c0000)
 End Bits:   [0x00000000150c0000, 0x00000000170c0000)

Polling page: 0x0000000000ff0000

CodeCache: size=245760Kb used=57774Kb max_used=58274Kb free=187985Kb
 bounds [0x0000000003240000, 0x0000000006b80000, 0x0000000012240000]
 total_blobs=18021 nmethods=17097 adapters=835
 compilation: enabled

Compilation events (10 events):
Event: 3680.867 Thread 0x0000000017e79800 20896   !   3       sun.net.www.protocol.jar.JarURLConnection$JarURLInputStream::close (51 bytes)
Event: 3680.868 Thread 0x0000000017e79800 nmethod 20896 0x0000000005beef90 code [0x0000000005bef160, 0x0000000005bef8c8]
Event: 3680.874 Thread 0x0000000017e65000 20897       4       org.gradle.internal.service.DefaultServiceRegistry::isSatisfiedBy (44 bytes)
Event: 3680.874 Thread 0x0000000017e6a000 20898       4       org.gradle.internal.service.DefaultServiceRegistry$SingletonService::getService (18 bytes)
Event: 3680.877 Thread 0x0000000017e79800 20899       3       org.gradle.internal.metaobject.DynamicInvokeResult::getValue (22 bytes)
Event: 3680.877 Thread 0x0000000017e79800 nmethod 20899 0x0000000005b93650 code [0x0000000005b937e0, 0x0000000005b93b08]
Event: 3680.881 Thread 0x0000000017e65000 nmethod 20897 0x0000000005b3ad50 code [0x0000000005b3aee0, 0x0000000005b3b318]
Event: 3680.882 Thread 0x0000000017e79800 20900       3       org.gradle.internal.event.DefaultListenerManager$EventBroadcast$ListenerDispatch::<init> (16 bytes)
Event: 3680.883 Thread 0x0000000017e79800 nmethod 20900 0x0000000003d3f0d0 code [0x0000000003d3f240, 0x0000000003d3f490]
Event: 3680.883 Thread 0x0000000017e6a000 nmethod 20898 0x0000000005beb110 code [0x0000000005beb2c0, 0x0000000005bebad8]

GC Heap History (10 events):
Event: 159.871 GC heap before
{Heap before GC invocations=34 (full 4):
 PSYoungGen      total 645120K, used 610546K [0x00000000d5580000, 0x00000000ffa80000, 0x0000000100000000)
  eden space 594432K, 100% used [0x00000000d5580000,0x00000000f9a00000,0x00000000f9a00000)
  from space 50688K, 31% used [0x00000000f9a00000,0x00000000fa9bc8c8,0x00000000fcb80000)
  to   space 48128K, 0% used [0x00000000fcb80000,0x00000000fcb80000,0x00000000ffa80000)
 ParOldGen       total 255488K, used 108191K [0x0000000080000000, 0x000000008f980000, 0x00000000d5580000)
  object space 255488K, 42% used [0x0000000080000000,0x00000000869a7fe8,0x000000008f980000)
 Metaspace       used 101344K, capacity 106508K, committed 106752K, reserved 1142784K
  class space    used 13240K, capacity 14252K, committed 14336K, reserved 1048576K
Event: 159.904 GC heap after
Heap after GC invocations=34 (full 4):
 PSYoungGen      total 645632K, used 2929K [0x00000000d5580000, 0x00000000ffc80000, 0x0000000100000000)
  eden space 597504K, 0% used [0x00000000d5580000,0x00000000d5580000,0x00000000f9d00000)
  from space 48128K, 6% used [0x00000000fcb80000,0x00000000fce5c408,0x00000000ffa80000)
  to   space 47616K, 0% used [0x00000000f9d00000,0x00000000f9d00000,0x00000000fcb80000)
 ParOldGen       total 255488K, used 117055K [0x0000000080000000, 0x000000008f980000, 0x00000000d5580000)
  object space 255488K, 45% used [0x0000000080000000,0x000000008724fd80,0x000000008f980000)
 Metaspace       used 101344K, capacity 106508K, committed 106752K, reserved 1142784K
  class space    used 13240K, capacity 14252K, committed 14336K, reserved 1048576K
}
Event: 161.704 GC heap before
{Heap before GC invocations=35 (full 4):
 PSYoungGen      total 645632K, used 600433K [0x00000000d5580000, 0x00000000ffc80000, 0x0000000100000000)
  eden space 597504K, 100% used [0x00000000d5580000,0x00000000f9d00000,0x00000000f9d00000)
  from space 48128K, 6% used [0x00000000fcb80000,0x00000000fce5c408,0x00000000ffa80000)
  to   space 47616K, 0% used [0x00000000f9d00000,0x00000000f9d00000,0x00000000fcb80000)
 ParOldGen       total 255488K, used 117055K [0x0000000080000000, 0x000000008f980000, 0x00000000d5580000)
  object space 255488K, 45% used [0x0000000080000000,0x000000008724fd80,0x000000008f980000)
 Metaspace       used 101379K, capacity 106578K, committed 106752K, reserved 1142784K
  class space    used 13240K, capacity 14253K, committed 14336K, reserved 1048576K
Event: 161.730 GC heap after
Heap after GC invocations=35 (full 4):
 PSYoungGen      total 645120K, used 18637K [0x00000000d5580000, 0x00000000ffa80000, 0x0000000100000000)
  eden space 597504K, 0% used [0x00000000d5580000,0x00000000d5580000,0x00000000f9d00000)
  from space 47616K, 39% used [0x00000000f9d00000,0x00000000faf33570,0x00000000fcb80000)
  to   space 45056K, 0% used [0x00000000fce80000,0x00000000fce80000,0x00000000ffa80000)
 ParOldGen       total 255488K, used 117751K [0x0000000080000000, 0x000000008f980000, 0x00000000d5580000)
  object space 255488K, 46% used [0x0000000080000000,0x00000000872fddd8,0x000000008f980000)
 Metaspace       used 101379K, capacity 106578K, committed 106752K, reserved 1142784K
  class space    used 13240K, capacity 14253K, committed 14336K, reserved 1048576K
}
Event: 163.236 GC heap before
{Heap before GC invocations=36 (full 4):
 PSYoungGen      total 645120K, used 616141K [0x00000000d5580000, 0x00000000ffa80000, 0x0000000100000000)
  eden space 597504K, 100% used [0x00000000d5580000,0x00000000f9d00000,0x00000000f9d00000)
  from space 47616K, 39% used [0x00000000f9d00000,0x00000000faf33570,0x00000000fcb80000)
  to   space 45056K, 0% used [0x00000000fce80000,0x00000000fce80000,0x00000000ffa80000)
 ParOldGen       total 255488K, used 117751K [0x0000000080000000, 0x000000008f980000, 0x00000000d5580000)
  object space 255488K, 46% used [0x0000000080000000,0x00000000872fddd8,0x000000008f980000)
 Metaspace       used 101395K, capacity 106578K, committed 106752K, reserved 1142784K
  class space    used 13240K, capacity 14253K, committed 14336K, reserved 1048576K
Event: 163.278 GC heap after
Heap after GC invocations=36 (full 4):
 PSYoungGen      total 648192K, used 3334K [0x00000000d5580000, 0x00000000ffd80000, 0x0000000100000000)
  eden space 603136K, 0% used [0x00000000d5580000,0x00000000d5580000,0x00000000fa280000)
  from space 45056K, 7% used [0x00000000fce80000,0x00000000fd1c1970,0x00000000ffa80000)
  to   space 45056K, 0% used [0x00000000fa280000,0x00000000fa280000,0x00000000fce80000)
 ParOldGen       total 255488K, used 132383K [0x0000000080000000, 0x000000008f980000, 0x00000000d5580000)
  object space 255488K, 51% used [0x0000000080000000,0x0000000088147da8,0x000000008f980000)
 Metaspace       used 101395K, capacity 106578K, committed 106752K, reserved 1142784K
  class space    used 13240K, capacity 14253K, committed 14336K, reserved 1048576K
}
Event: 164.802 GC heap before
{Heap before GC invocations=37 (full 4):
 PSYoungGen      total 648192K, used 606470K [0x00000000d5580000, 0x00000000ffd80000, 0x0000000100000000)
  eden space 603136K, 100% used [0x00000000d5580000,0x00000000fa280000,0x00000000fa280000)
  from space 45056K, 7% used [0x00000000fce80000,0x00000000fd1c1970,0x00000000ffa80000)
  to   space 45056K, 0% used [0x00000000fa280000,0x00000000fa280000,0x00000000fce80000)
 ParOldGen       total 255488K, used 132383K [0x0000000080000000, 0x000000008f980000, 0x00000000d5580000)
  object space 255488K, 51% used [0x0000000080000000,0x0000000088147da8,0x000000008f980000)
 Metaspace       used 101521K, capacity 106648K, committed 106752K, reserved 1142784K
  class space    used 13255K, capacity 14254K, committed 14336K, reserved 1048576K
Event: 164.830 GC heap after
Heap after GC invocations=37 (full 4):
 PSYoungGen      total 648192K, used 8242K [0x00000000d5580000, 0x00000000ffd00000, 0x0000000100000000)
  eden space 603136K, 0% used [0x00000000d5580000,0x00000000d5580000,0x00000000fa280000)
  from space 45056K, 18% used [0x00000000fa280000,0x00000000faa8ca18,0x00000000fce80000)
  to   space 43520K, 0% used [0x00000000fd280000,0x00000000fd280000,0x00000000ffd00000)
 ParOldGen       total 255488K, used 134006K [0x0000000080000000, 0x000000008f980000, 0x00000000d5580000)
  object space 255488K, 52% used [0x0000000080000000,0x00000000882ddbe8,0x000000008f980000)
 Metaspace       used 101521K, capacity 106648K, committed 106752K, reserved 1142784K
  class space    used 13255K, capacity 14254K, committed 14336K, reserved 1048576K
}
Event: 168.829 GC heap before
{Heap before GC invocations=38 (full 4):
 PSYoungGen      total 648192K, used 611378K [0x00000000d5580000, 0x00000000ffd00000, 0x0000000100000000)
  eden space 603136K, 100% used [0x00000000d5580000,0x00000000fa280000,0x00000000fa280000)
  from space 45056K, 18% used [0x00000000fa280000,0x00000000faa8ca18,0x00000000fce80000)
  to   space 43520K, 0% used [0x00000000fd280000,0x00000000fd280000,0x00000000ffd00000)
 ParOldGen       total 255488K, used 134006K [0x0000000080000000, 0x000000008f980000, 0x00000000d5580000)
  object space 255488K, 52% used [0x0000000080000000,0x00000000882ddbe8,0x000000008f980000)
 Metaspace       used 102469K, capacity 107764K, committed 107904K, reserved 1142784K
  class space    used 13350K, capacity 14372K, committed 14464K, reserved 1048576K
Event: 169.092 GC heap after
Heap after GC invocations=38 (full 4):
 PSYoungGen      total 608256K, used 43497K [0x00000000d5580000, 0x0000000100000000, 0x0000000100000000)
  eden space 564736K, 0% used [0x00000000d5580000,0x00000000d5580000,0x00000000f7d00000)
  from space 43520K, 99% used [0x00000000fd280000,0x00000000ffcfa4e8,0x00000000ffd00000)
  to   space 67072K, 0% used [0x00000000f7d00000,0x00000000f7d00000,0x00000000fbe80000)
 ParOldGen       total 255488K, used 176894K [0x0000000080000000, 0x000000008f980000, 0x00000000d5580000)
  object space 255488K, 69% used [0x0000000080000000,0x000000008acbf8e8,0x000000008f980000)
 Metaspace       used 102469K, capacity 107764K, committed 107904K, reserved 1142784K
  class space    used 13350K, capacity 14372K, committed 14464K, reserved 1048576K
}

Deoptimization events (10 events):
Event: 170.094 Thread 0x0000000024756800 Uncommon trap: reason=unstable_if action=reinterpret pc=0x000000000464d998 method=java.util.stream.StreamOpFlag.getMask(I)I @ 1
Event: 170.456 Thread 0x0000000024765800 Uncommon trap: reason=unstable_if action=reinterpret pc=0x000000000564c46c method=java.nio.ByteBuffer.hasArray()Z @ 4
Event: 170.769 Thread 0x000000001f77e800 Uncommon trap: reason=unstable_if action=reinterpret pc=0x00000000056e08d8 method=java.util.HashMap.removeNode(ILjava/lang/Object;Ljava/lang/Object;ZZ)Ljava/util/HashMap$Node; @ 146
Event: 170.770 Thread 0x000000001e197800 Uncommon trap: reason=unstable_if action=reinterpret pc=0x000000000430987c method=java.util.concurrent.locks.AbstractQueuedSynchronizer$ConditionObject.checkInterruptWhileWaiting(Ljava/util/concurrent/locks/AbstractQueuedSynchronizer$Node;)I @ 3
Event: 170.791 Thread 0x000000001f77e800 Uncommon trap: reason=unstable_if action=reinterpret pc=0x00000000055170e0 method=java.util.Spliterators$1Adapter.next()Ljava/lang/Object; @ 4
Event: 171.034 Thread 0x000000001f77e800 Uncommon trap: reason=class_check action=maybe_recompile pc=0x00000000036bb590 method=org.gradle.internal.logging.text.AbstractLineChoppingStyledTextOutput$StateContext.flushLineText()V @ 110
Event: 171.034 Thread 0x000000001f77e800 Uncommon trap: reason=class_check action=maybe_recompile pc=0x00000000036bb590 method=org.gradle.internal.logging.text.AbstractLineChoppingStyledTextOutput$StateContext.flushLineText()V @ 110
Event: 434.984 Thread 0x0000000024759800 Uncommon trap: reason=class_check action=maybe_recompile pc=0x00000000043a95f4 method=java.lang.ThreadLocal.set(Ljava/lang/Object;)V @ 26
Event: 734.986 Thread 0x000000002475d800 Uncommon trap: reason=class_check action=maybe_recompile pc=0x00000000043a95f4 method=java.lang.ThreadLocal.set(Ljava/lang/Object;)V @ 26
Event: 1034.988 Thread 0x0000000024759800 Uncommon trap: reason=class_check action=maybe_recompile pc=0x00000000043a95f4 method=java.lang.ThreadLocal.set(Ljava/lang/Object;)V @ 26

Classes redefined (0 events):
No events

Internal exceptions (10 events):
Event: 166.720 Thread 0x0000000024763800 Exception <a 'java/lang/InterruptedException'> (0x00000000ed5b0a88) thrown at [C:\src\AOSP-openjdk-git\hotspot\src\share\vm\runtime\objectMonitor.cpp, line 1491]
Event: 169.773 Thread 0x0000000024761000 Exception <a 'sun/nio/fs/WindowsException'> (0x00000000d93f3c88) thrown at [C:\src\AOSP-openjdk-git\hotspot\src\share\vm\prims\jni.cpp, line 710]
Event: 169.933 Thread 0x000000001e19a800 Exception <a 'java/lang/NoSuchMethodError': <clinit>> (0x00000000d9d022c0) thrown at [C:\src\AOSP-openjdk-git\hotspot\src\share\vm\prims\jni.cpp, line 1615]
Event: 169.933 Thread 0x000000001e19a800 Exception <a 'java/lang/NoSuchMethodError': <clinit>> (0x00000000d9d06b48) thrown at [C:\src\AOSP-openjdk-git\hotspot\src\share\vm\prims\jni.cpp, line 1615]
Event: 169.951 Thread 0x0000000024756800 Exception <a 'java/lang/NoSuchMethodError': java.lang.Object.lambda$asRunnable$0(Lcom/android/tools/build/apkzlib/utils/IOExceptionRunnable;)V> (0x00000000d9fb0df8) thrown at [C:\src\AOSP-openjdk-git\hotspot\src\share\vm\interpreter\linkResolver.cpp, line
Event: 170.062 Thread 0x0000000024756800 Exception <a 'java/lang/NoSuchMethodError': java.lang.Object.newSystemTemporaryDirectory()Lcom/android/tools/build/apkzlib/bytestorage/TemporaryDirectory;> (0x00000000da1da748) thrown at [C:\src\AOSP-openjdk-git\hotspot\src\share\vm\interpreter\linkResolv
Event: 170.117 Thread 0x0000000024756800 Exception <a 'sun/nio/fs/WindowsException'> (0x00000000da37f108) thrown at [C:\src\AOSP-openjdk-git\hotspot\src\share\vm\prims\jni.cpp, line 710]
Event: 170.117 Thread 0x0000000024756800 Exception <a 'sun/nio/fs/WindowsException'> (0x00000000da37f600) thrown at [C:\src\AOSP-openjdk-git\hotspot\src\share\vm\prims\jni.cpp, line 710]
Event: 170.122 Thread 0x0000000024756800 Exception <a 'java/lang/NoSuchMethodError': java.lang.Object.lambda$static$0(Lcom/android/apksig/util/RunnablesProvider;)V> (0x00000000da3e4250) thrown at [C:\src\AOSP-openjdk-git\hotspot\src\share\vm\interpreter\linkResolver.cpp, line 620]
Event: 170.789 Thread 0x000000001f77e800 Exception <a 'sun/nio/fs/WindowsException'> (0x00000000dc212e28) thrown at [C:\src\AOSP-openjdk-git\hotspot\src\share\vm\prims\jni.cpp, line 710]

Events (10 events):
Event: 3680.810 Executing VM operation: RevokeBias
Event: 3680.810 Executing VM operation: RevokeBias done
Event: 3680.810 Executing VM operation: RevokeBias
Event: 3680.810 Executing VM operation: RevokeBias done
Event: 3680.810 Executing VM operation: RevokeBias
Event: 3680.810 Executing VM operation: RevokeBias done
Event: 3680.810 Executing VM operation: RevokeBias
Event: 3680.810 Executing VM operation: RevokeBias done
Event: 3680.826 Thread 0x0000000024761000 Thread added: 0x0000000024761000
Event: 3680.832 Thread 0x0000000024764000 Thread added: 0x0000000024764000


Dynamic libraries:
0x00007ff7510d0000 - 0x00007ff751101000 	C:\Program Files\Android\Android Studio\jre\bin\java.exe
0x00007ffeb51a0000 - 0x00007ffeb5390000 	C:\Windows\SYSTEM32\ntdll.dll
0x00007ffeb35b0000 - 0x00007ffeb3662000 	C:\Windows\System32\KERNEL32.DLL
0x00007ffeb23b0000 - 0x00007ffeb2655000 	C:\Windows\System32\KERNELBASE.dll
0x00007ffeb4cf0000 - 0x00007ffeb4d93000 	C:\Windows\System32\ADVAPI32.dll
0x00007ffeb45c0000 - 0x00007ffeb465e000 	C:\Windows\System32\msvcrt.dll
0x00007ffeb47e0000 - 0x00007ffeb4877000 	C:\Windows\System32\sechost.dll
0x00007ffeb4fb0000 - 0x00007ffeb50d0000 	C:\Windows\System32\RPCRT4.dll
0x00007ffeb3670000 - 0x00007ffeb3804000 	C:\Windows\System32\USER32.dll
0x00007ffeb21e0000 - 0x00007ffeb2201000 	C:\Windows\System32\win32u.dll
0x00007ffeb50d0000 - 0x00007ffeb50f6000 	C:\Windows\System32\GDI32.dll
0x00007ffeb2210000 - 0x00007ffeb23a6000 	C:\Windows\System32\gdi32full.dll
0x00007ffeb3060000 - 0x00007ffeb30fe000 	C:\Windows\System32\msvcp_win.dll
0x00007ffeb2ed0000 - 0x00007ffeb2fca000 	C:\Windows\System32\ucrtbase.dll
0x00007ffe9c420000 - 0x00007ffe9c6a4000 	C:\Windows\WinSxS\amd64_microsoft.windows.common-controls_6595b64144ccf1df_6.0.18362.1256_none_9e7e379be45e40e2\COMCTL32.dll
0x00007ffeb3810000 - 0x00007ffeb3b46000 	C:\Windows\System32\combase.dll
0x00007ffeb2fd0000 - 0x00007ffeb3051000 	C:\Windows\System32\bcryptPrimitives.dll
0x00007ffeb43d0000 - 0x00007ffeb43fe000 	C:\Windows\System32\IMM32.DLL
0x000000005a7b0000 - 0x000000005a882000 	C:\Program Files\Android\Android Studio\jre\jre\bin\msvcr100.dll
0x0000000059db0000 - 0x000000005a5fb000 	C:\Program Files\Android\Android Studio\jre\jre\bin\server\jvm.dll
0x00007ffeb42d0000 - 0x00007ffeb42d8000 	C:\Windows\System32\PSAPI.DLL
0x00007ffeaf700000 - 0x00007ffeaf709000 	C:\Windows\SYSTEM32\WSOCK32.dll
0x00007ffeac820000 - 0x00007ffeac844000 	C:\Windows\SYSTEM32\WINMM.dll
0x00007ffeb4660000 - 0x00007ffeb46cf000 	C:\Windows\System32\WS2_32.dll
0x00007ffea9780000 - 0x00007ffea978a000 	C:\Windows\SYSTEM32\VERSION.dll
0x00007ffeac7f0000 - 0x00007ffeac81d000 	C:\Windows\SYSTEM32\WINMMBASE.dll
0x00007ffeb2130000 - 0x00007ffeb217a000 	C:\Windows\System32\cfgmgr32.dll
0x00007ffeabbf0000 - 0x00007ffeabbff000 	C:\Program Files\Android\Android Studio\jre\jre\bin\verify.dll
0x00007ffe96380000 - 0x00007ffe963a9000 	C:\Program Files\Android\Android Studio\jre\jre\bin\java.dll
0x00007ffe96d00000 - 0x00007ffe96d16000 	C:\Program Files\Android\Android Studio\jre\jre\bin\zip.dll
0x00007ffeb3bb0000 - 0x00007ffeb4297000 	C:\Windows\System32\SHELL32.dll
0x00007ffeb4730000 - 0x00007ffeb47d9000 	C:\Windows\System32\shcore.dll
0x00007ffeb2660000 - 0x00007ffeb2de1000 	C:\Windows\System32\windows.storage.dll
0x00007ffeb20e0000 - 0x00007ffeb2103000 	C:\Windows\System32\profapi.dll
0x00007ffeb2070000 - 0x00007ffeb20ba000 	C:\Windows\System32\powrprof.dll
0x00007ffeb2040000 - 0x00007ffeb2050000 	C:\Windows\System32\UMPDC.dll
0x00007ffeb3b50000 - 0x00007ffeb3ba2000 	C:\Windows\System32\shlwapi.dll
0x00007ffeb2050000 - 0x00007ffeb2061000 	C:\Windows\System32\kernel.appcore.dll
0x00007ffeb2110000 - 0x00007ffeb2127000 	C:\Windows\System32\cryptsp.dll
0x00007ffe96360000 - 0x00007ffe9637a000 	C:\Program Files\Android\Android Studio\jre\jre\bin\net.dll
0x00007ffeb1890000 - 0x00007ffeb18f7000 	C:\Windows\system32\mswsock.dll
0x00007ffe960c0000 - 0x00007ffe960d3000 	C:\Program Files\Android\Android Studio\jre\jre\bin\nio.dll
0x00007ffeafcc0000 - 0x00007ffeafce6000 	C:\Users\farras\.gradle\native\31\windows-amd64\native-platform.dll
0x00007ffe99730000 - 0x00007ffe9973d000 	C:\Program Files\Android\Android Studio\jre\jre\bin\management.dll
0x00007ffeb1400000 - 0x00007ffeb1433000 	C:\Windows\system32\rsaenh.dll
0x00007ffeb2ea0000 - 0x00007ffeb2ec6000 	C:\Windows\System32\bcrypt.dll
0x00007ffeb1f60000 - 0x00007ffeb1f85000 	C:\Windows\SYSTEM32\USERENV.dll
0x00007ffeb1a60000 - 0x00007ffeb1a6c000 	C:\Windows\SYSTEM32\CRYPTBASE.dll
0x00007ffeb15a0000 - 0x00007ffeb15da000 	C:\Windows\SYSTEM32\IPHLPAPI.DLL
0x00007ffeb42a0000 - 0x00007ffeb42a8000 	C:\Windows\System32\NSI.dll
0x00007ffea9160000 - 0x00007ffea9176000 	C:\Windows\SYSTEM32\dhcpcsvc6.DLL
0x00007ffea93d0000 - 0x00007ffea93ec000 	C:\Windows\SYSTEM32\dhcpcsvc.DLL
0x00007ffeb15e0000 - 0x00007ffeb16ab000 	C:\Windows\SYSTEM32\DNSAPI.dll
0x00007ffeb1080000 - 0x00007ffeb10b1000 	C:\Windows\SYSTEM32\ntmarta.dll
0x00007ffeaeb50000 - 0x00007ffeaeb6e000 	C:\Users\farras\AppData\Local\Temp\native-platform4599546909709333061dir\native-platform.dll
0x00007ffe9cd00000 - 0x00007ffe9cef4000 	C:\Windows\SYSTEM32\dbghelp.dll

VM Arguments:
jvm_args: -Xmx2048m -Dfile.encoding=windows-1252 -Duser.country=US -Duser.language=en -Duser.variant 
java_command: org.gradle.launcher.daemon.bootstrap.GradleDaemon 6.1.1
java_class_path (initial): C:\Users\farras\.gradle\wrapper\dists\gradle-6.1.1-all\cfmwm155h49vnt3hynmlrsdst\gradle-6.1.1\lib\gradle-launcher-6.1.1.jar
Launcher Type: SUN_STANDARD

Environment Variables:
JAVA_HOME=C:\Program Files\Java\jdk-14.0.2
PATH=C:\Program Files (x86)\ActiveState Komodo Edit 11\;C:\Windows\system32;C:\Windows;C:\Windows\System32\Wbem;C:\Windows\System32\WindowsPowerShell\v1.0\;C:\Windows\System32\OpenSSH\;C:\Program Files\Java\jdk-13.0.1\bin;C:\Program Files\Git\cmd;C:\xampp\php;C:\ProgramData\ComposerSetup\bin;C:\Program Files\nodejs\;C:\Program Files\Java\jdk-14.0.2\bin;C:\Users\farras\AppData\Local\Microsoft\WindowsApps;C:\Users\farras\AppData\Roaming\Composer\vendor\bin;C:\Users\farras\AppData\Local\GitHubDesktop\bin;C:\Users\farras\AppData\Roaming\npm;C:\Users\farras\AppData\Local\atom\bin;C:\Program Files\JetBrains\PyCharm Community Edition 2020.2.3\bin;;C:\Program Files\Java\jdk-14.0.2\bin;
USERNAME=farras
OS=Windows_NT
PROCESSOR_IDENTIFIER=Intel64 Family 6 Model 69 Stepping 1, GenuineIntel



---------------  S Y S T E M  ---------------

OS: Windows 10.0 , 64 bit Build 18362 (10.0.18362.1110)

CPU:total 4 (initial active 4) (2 cores per cpu, 2 threads per core) family 6 model 69 stepping 1, cmov, cx8, fxsr, mmx, sse, sse2, sse3, ssse3, sse4.1, sse4.2, popcnt, avx, avx2, aes, clmul, erms, lzcnt, ht, tsc, tscinvbit, bmi1, bmi2

Memory: 4k page, physical 12472600k(5276044k free), swap 14373144k(3445452k free)

vm_info: OpenJDK 64-Bit Server VM (25.242-b01) for windows-amd64 JRE (1.8.0_242-release-1644-b01), built by "builder" with MS VC++ 10.0 (VS2010)

time: Thu Dec 31 09:01:07 2020
timezone: SE Asia Standard Time
elapsed time: 3680 seconds (0d 1h 1m 20s)

